<?xml version="1.0" encoding="UTF-8"?>
<!-- Generated by org.testng.reporters.JUnitReportReporter -->
<testsuite hostname="LAPTOP-T2V2EV8Q" failures="0" tests="1" name="RestAssuredAutomation.RestAssured_Get" time="4.303" errors="0" timestamp="2021-09-23T10:57:04 CST" skipped="0">
  <testcase classname="RestAssuredAutomation.RestAssured_Get" name="test_1" time="4.303"/>
  <system-out/>
</testsuite> <!-- RestAssuredAutomation.RestAssured_Get -->
