<?xml version="1.0" encoding="UTF-8"?>
<!-- Generated by org.testng.reporters.JUnitReportReporter -->
<testsuite hostname="LAPTOP-T2V2EV8Q" failures="0" tests="1" name="RestAssuredAutomation.RestAssured_DELETE" time="4.176" errors="0" timestamp="2021-09-23T14:14:54 CST" skipped="0">
  <testcase classname="RestAssuredAutomation.RestAssured_DELETE" name="test_delete" time="4.176"/>
  <system-out/>
</testsuite> <!-- RestAssuredAutomation.RestAssured_DELETE -->
