<?xml version="1.0" encoding="UTF-8"?>
<!-- Generated by org.testng.reporters.JUnitReportReporter -->
<testsuite hostname="LAPTOP-T2V2EV8Q" failures="0" tests="1" name="RestAssuredAutomation.RestAssuredLMSPut" time="3.463" errors="0" timestamp="2021-09-23T17:58:30 CST" skipped="0">
  <testcase classname="RestAssuredAutomation.RestAssuredLMSPut" name="test_3" time="3.463"/>
  <system-out/>
</testsuite> <!-- RestAssuredAutomation.RestAssuredLMSPut -->
