<?xml version="1.0" encoding="UTF-8"?>
<!-- Generated by org.testng.reporters.JUnitReportReporter -->
<testsuite hostname="LAPTOP-T2V2EV8Q" failures="0" tests="1" name="RestAssuredAutomation.RestAssuredLMS_Get" time="3.243" errors="0" timestamp="2021-09-23T17:42:36 CST" skipped="0">
  <testcase classname="RestAssuredAutomation.RestAssuredLMS_Get" name="test_1" time="3.243"/>
  <system-out/>
</testsuite> <!-- RestAssuredAutomation.RestAssuredLMS_Get -->
