<?xml version="1.0" encoding="UTF-8"?>
<!-- Generated by org.testng.reporters.JUnitReportReporter -->
<testsuite hostname="LAPTOP-T2V2EV8Q" failures="0" tests="1" name="RestAssuredAutomation.RestAssuredLMSPost" time="3.470" errors="0" timestamp="2021-09-23T17:50:43 CST" skipped="0">
  <testcase classname="RestAssuredAutomation.RestAssuredLMSPost" name="test_2" time="3.470"/>
  <system-out/>
</testsuite> <!-- RestAssuredAutomation.RestAssuredLMSPost -->
