<?xml version="1.0" encoding="UTF-8"?>
<!-- Generated by org.testng.reporters.JUnitReportReporter -->
<testsuite hostname="LAPTOP-T2V2EV8Q" failures="0" tests="1" name="RestAssuredAutomation.RestAssured_PUT" time="4.319" errors="0" timestamp="2021-09-23T14:36:59 CST" skipped="0">
  <testcase classname="RestAssuredAutomation.RestAssured_PUT" name="test_put" time="4.319"/>
  <system-out/>
</testsuite> <!-- RestAssuredAutomation.RestAssured_PUT -->
