<?xml version="1.0" encoding="UTF-8"?>
<!-- Generated by org.testng.reporters.JUnitReportReporter -->
<testsuite hostname="LAPTOP-T2V2EV8Q" failures="0" tests="1" name="RestAssuredAutomation.RestAssuredLMSDelete" time="3.244" errors="0" timestamp="2021-09-23T18:03:24 CST" skipped="0">
  <testcase classname="RestAssuredAutomation.RestAssuredLMSDelete" name="test_4" time="3.244"/>
  <system-out/>
</testsuite> <!-- RestAssuredAutomation.RestAssuredLMSDelete -->
