<?xml version="1.0" encoding="UTF-8"?>
<!-- Generated by org.testng.reporters.JUnitReportReporter -->
<testsuite hostname="LAPTOP-T2V2EV8Q" failures="0" tests="1" name="RestAssuredAutomation.RestAssured_POST" time="3.761" errors="0" timestamp="2021-09-23T13:45:15 CST" skipped="0">
  <testcase classname="RestAssuredAutomation.RestAssured_POST" name="test_2" time="3.761"/>
  <system-out/>
</testsuite> <!-- RestAssuredAutomation.RestAssured_POST -->
